<?xml version="1.0" encoding="UTF-8"?>
<!-- Generated by org.testng.reporters.JUnitReportReporter -->
<testsuite hostname="MacBook-Pro.local" failures="0" tests="1" name="com.qa.testcases.SignInTest" time="2.335" errors="0" timestamp="2021-03-26T23:20:44 IST" skipped="0">
  <testcase classname="com.qa.testcases.SignInTest" name="signInTest" time="2.335"/>
  <system-out/>
</testsuite> <!-- com.qa.testcases.SignInTest -->
