<?xml version="1.0" encoding="UTF-8"?>
<!-- Generated by org.testng.reporters.JUnitReportReporter -->
<testsuite hostname="MacBook-Pro.local" failures="0" tests="1" name="com.qa.testcases.CreateAccountTest" time="71.277" errors="0" timestamp="2021-03-27T16:19:31 IST" skipped="0">
  <testcase classname="com.qa.testcases.CreateAccountTest" name="createAccountTest" time="71.277"/>
  <system-out/>
</testsuite> <!-- com.qa.testcases.CreateAccountTest -->
