<?xml version="1.0" encoding="UTF-8"?>
<!-- Generated by org.testng.reporters.JUnitReportReporter -->
<testsuite hostname="MacBook-Pro.local" failures="0" tests="1" name="com.qa.testcases.SignInTest" time="13.187" errors="0" timestamp="2021-03-27T16:19:31 IST" skipped="0">
  <testcase classname="com.qa.testcases.SignInTest" name="signInTest" time="13.187"/>
  <system-out/>
</testsuite> <!-- com.qa.testcases.SignInTest -->
